
> nextn@0.1.0 dev
> next dev --turbopack -p 9002

   ▲ Next.js 15.5.9 (Turbopack)
   - Local:        http://localhost:9002
   - Network:      http://192.168.0.2:9002

 ✓ Starting...
 ✓ Ready in 1473ms
 ○ Compiling /login ...
 ✓ Compiled /login in 7s
 GET /login 200 in 7760ms
 ○ Compiling / ...
 ✓ Compiled / in 1342ms
 GET / 200 in 1423ms
 GET / 200 in 119ms
 GET /login 200 in 148ms
 GET / 200 in 110ms
 GET / 200 in 110ms
 ○ Compiling /transaction-summary ...
 ✓ Compiled /transaction-summary in 834ms
 GET /transaction-summary 200 in 974ms
 GET /login 200 in 117ms
 GET / 200 in 110ms
 GET / 200 in 146ms
 GET /transaction-summary 200 in 136ms
 ○ Compiling /graph ...
 ✓ Compiled /graph in 4.2s
 GET /graph 200 in 4626ms
 GET /login 200 in 143ms
 GET / 200 in 101ms
 GET / 200 in 128ms
 GET /transaction-summary 200 in 121ms
 GET /graph 200 in 211ms
 GET /login 200 in 150ms
 GET / 200 in 117ms
 GET / 200 in 98ms
 GET /transaction-summary 200 in 112ms
 GET /graph 200 in 121ms
