
> nextn@0.1.0 dev /app
> next dev --turbopack -p 9002

   ▲ Next.js 15.5.9 (Turbopack)
   - Local:        http://localhost:9002
   - Network:      http://192.168.0.2:9002

 ✓ Starting...
 ✓ Ready in 1481ms
 ○ Compiling /login ...
 ✓ Compiled /login in 7.5s
 GET /login 200 in 8384ms
 ○ Compiling / ...
 ✓ Compiled / in 1062ms
 GET / 200 in 1176ms
 GET / 200 in 106ms
 ○ Compiling /bill-book/settings ...
 ✓ Compiled /bill-book/settings in 969ms
 GET /bill-book/settings 200 in 1188ms
 GET /bill-book/settings 200 in 170ms
 GET /login 200 in 423ms
 GET / 200 in 140ms
 GET / 200 in 215ms
 GET /bill-book/settings 200 in 203ms
 GET /bill-book/settings 200 in 202ms
 GET /login 200 in 167ms
 GET / 200 in 116ms
 GET / 200 in 100ms
 GET /bill-book/settings 200 in 181ms
 GET /bill-book/settings 200 in 140ms
